  VertexBuffer.cpp
C:\loran-project\KeyEngine\external\spdlog\include\spdlog\fmt\bundled\format.h(490,51): warning C4996: 'stdext::checked_array_iterator<T*>': warning STL4043: stdext::checked_array_iterator, stdext::unchecked_array_iterator, and related factory functions are non-Standard extensions and will be removed in the future. std::span (since C++20) and gsl::span can be used instead. You can define _SILENCE_STDEXT_ARR_ITERS_DEPRECATION_WARNING or _SILENCE_ALL_MS_EXT_DEPRECATION_WARNINGS to suppress this warning.
  (компиляция исходного файла "../../KeyEngineCore/src/KeyEngineCore/Rendering/OpenGL/VertexBuffer/VertexBuffer.cpp")
  C:\Program Files\Microsoft Visual Studio\2022\Community\VC\Tools\MSVC\14.39.33519\include\iterator(1470,35):
   см. объявление "stdext::checked_array_iterator"
  
C:\loran-project\KeyEngine\external\spdlog\include\spdlog\fmt\bundled\format.h(493,3): warning C4996: 'stdext::checked_array_iterator<T *>::checked_array_iterator': warning STL4043: stdext::checked_array_iterator, stdext::unchecked_array_iterator, and related factory functions are non-Standard extensions and will be removed in the future. std::span (since C++20) and gsl::span can be used instead. You can define _SILENCE_STDEXT_ARR_ITERS_DEPRECATION_WARNING or _SILENCE_ALL_MS_EXT_DEPRECATION_WARNINGS to suppress this warning.
C:\loran-project\KeyEngine\external\spdlog\include\spdlog\fmt\bundled\format.h(493,3): warning C4996:         with
C:\loran-project\KeyEngine\external\spdlog\include\spdlog\fmt\bundled\format.h(493,3): warning C4996:         [
C:\loran-project\KeyEngine\external\spdlog\include\spdlog\fmt\bundled\format.h(493,3): warning C4996:             T=fmt::v9::detail::bigint::bigit
C:\loran-project\KeyEngine\external\spdlog\include\spdlog\fmt\bundled\format.h(493,3): warning C4996:         ]
  (компиляция исходного файла "../../KeyEngineCore/src/KeyEngineCore/Rendering/OpenGL/VertexBuffer/VertexBuffer.cpp")
  C:\loran-project\KeyEngine\external\spdlog\include\spdlog\fmt\bundled\format.h(493,3):
  контекст создания экземпляра шаблона (сначала самый старый)
  	C:\loran-project\KeyEngine\external\spdlog\include\spdlog\fmt\bundled\format.h(2807,34):
  	выполняется компиляция ссылки на экземпляр шаблон функции "stdext::checked_array_iterator<T *> fmt::v9::detail::make_checked<T>(T *,size_t)"
          with
          [
              T=fmt::v9::detail::bigint::bigit
          ]
  
C:\Program Files\Microsoft Visual Studio\2022\Community\VC\Tools\MSVC\14.39.33519\include\xutility(1151,31): warning C4996: 'stdext::checked_array_iterator<T *>': warning STL4043: stdext::checked_array_iterator, stdext::unchecked_array_iterator, and related factory functions are non-Standard extensions and will be removed in the future. std::span (since C++20) and gsl::span can be used instead. You can define _SILENCE_STDEXT_ARR_ITERS_DEPRECATION_WARNING or _SILENCE_ALL_MS_EXT_DEPRECATION_WARNINGS to suppress this warning.
C:\Program Files\Microsoft Visual Studio\2022\Community\VC\Tools\MSVC\14.39.33519\include\xutility(1151,31): warning C4996:         with
C:\Program Files\Microsoft Visual Studio\2022\Community\VC\Tools\MSVC\14.39.33519\include\xutility(1151,31): warning C4996:         [
C:\Program Files\Microsoft Visual Studio\2022\Community\VC\Tools\MSVC\14.39.33519\include\xutility(1151,31): warning C4996:             T=fmt::v9::detail::bigint::bigit
C:\Program Files\Microsoft Visual Studio\2022\Community\VC\Tools\MSVC\14.39.33519\include\xutility(1151,31): warning C4996:         ]
  (компиляция исходного файла "../../KeyEngineCore/src/KeyEngineCore/Rendering/OpenGL/VertexBuffer/VertexBuffer.cpp")
  C:\Program Files\Microsoft Visual Studio\2022\Community\VC\Tools\MSVC\14.39.33519\include\iterator(1470,35):
   см. объявление "stdext::checked_array_iterator"
  C:\Program Files\Microsoft Visual Studio\2022\Community\VC\Tools\MSVC\14.39.33519\include\xutility(1151,31):
  контекст создания экземпляра шаблона (сначала самый старый)
  	C:\loran-project\KeyEngine\external\spdlog\include\spdlog\fmt\bundled\format.h(2807,10):
  	выполняется компиляция ссылки на экземпляр шаблон функции "_OutIt std::copy<const T*,stdext::checked_array_iterator<T *>>(_InIt,_InIt,_OutIt)"
          with
          [
              _OutIt=stdext::checked_array_iterator<fmt::v9::detail::bigint::bigit *>,
              T=fmt::v9::detail::bigint::bigit,
              _InIt=const fmt::v9::detail::bigint::bigit *
          ]
  	C:\Program Files\Microsoft Visual Studio\2022\Community\VC\Tools\MSVC\14.39.33519\include\xutility(4588,26):
  	выполняется компиляция ссылки на экземпляр шаблон функции "decltype(auto) std::_Get_unwrapped_n<_OutIt&,__int64>(_Iter,const _Diff)"
          with
          [
              _OutIt=stdext::checked_array_iterator<fmt::v9::detail::bigint::bigit *>,
              _Iter=stdext::checked_array_iterator<fmt::v9::detail::bigint::bigit *> &,
              _Diff=__int64
          ]
  	C:\Program Files\Microsoft Visual Studio\2022\Community\VC\Tools\MSVC\14.39.33519\include\xutility(1254,26):
  	выполняется компиляция ссылки на шаблон переменной "const bool _Unwrappable_for_offset_v<stdext::checked_array_iterator<unsigned int *> &>"
  	C:\Program Files\Microsoft Visual Studio\2022\Community\VC\Tools\MSVC\14.39.33519\include\xutility(1248,5):
  	выполняется компиляция ссылки на шаблон переменной "const bool _Unwrappable_v<stdext::checked_array_iterator<unsigned int *> &,void>"
  	C:\Program Files\Microsoft Visual Studio\2022\Community\VC\Tools\MSVC\14.39.33519\include\xutility(1175,5):
  	выполняется компиляция ссылки на шаблон переменной "const bool _Allow_inheriting_unwrap_v<stdext::checked_array_iterator<unsigned int *>,void>"
  
C:\Program Files\Microsoft Visual Studio\2022\Community\VC\Tools\MSVC\14.39.33519\include\xutility(1151,22): warning C4996: 'stdext::checked_array_iterator<T *>::_Prevent_inheriting_unwrap': warning STL4043: stdext::checked_array_iterator, stdext::unchecked_array_iterator, and related factory functions are non-Standard extensions and will be removed in the future. std::span (since C++20) and gsl::span can be used instead. You can define _SILENCE_STDEXT_ARR_ITERS_DEPRECATION_WARNING or _SILENCE_ALL_MS_EXT_DEPRECATION_WARNINGS to suppress this warning.
C:\Program Files\Microsoft Visual Studio\2022\Community\VC\Tools\MSVC\14.39.33519\include\xutility(1151,22): warning C4996:         with
C:\Program Files\Microsoft Visual Studio\2022\Community\VC\Tools\MSVC\14.39.33519\include\xutility(1151,22): warning C4996:         [
C:\Program Files\Microsoft Visual Studio\2022\Community\VC\Tools\MSVC\14.39.33519\include\xutility(1151,22): warning C4996:             T=fmt::v9::detail::bigint::bigit
C:\Program Files\Microsoft Visual Studio\2022\Community\VC\Tools\MSVC\14.39.33519\include\xutility(1151,22): warning C4996:         ]
  (компиляция исходного файла "../../KeyEngineCore/src/KeyEngineCore/Rendering/OpenGL/VertexBuffer/VertexBuffer.cpp")
  
C:\Program Files\Microsoft Visual Studio\2022\Community\VC\Tools\MSVC\14.39.33519\include\__msvc_iter_core.hpp(494,40): warning C4996: 'stdext::checked_array_iterator<T *>': warning STL4043: stdext::checked_array_iterator, stdext::unchecked_array_iterator, and related factory functions are non-Standard extensions and will be removed in the future. std::span (since C++20) and gsl::span can be used instead. You can define _SILENCE_STDEXT_ARR_ITERS_DEPRECATION_WARNING or _SILENCE_ALL_MS_EXT_DEPRECATION_WARNINGS to suppress this warning.
C:\Program Files\Microsoft Visual Studio\2022\Community\VC\Tools\MSVC\14.39.33519\include\__msvc_iter_core.hpp(494,40): warning C4996:         with
C:\Program Files\Microsoft Visual Studio\2022\Community\VC\Tools\MSVC\14.39.33519\include\__msvc_iter_core.hpp(494,40): warning C4996:         [
C:\Program Files\Microsoft Visual Studio\2022\Community\VC\Tools\MSVC\14.39.33519\include\__msvc_iter_core.hpp(494,40): warning C4996:             T=fmt::v9::detail::bigint::bigit
C:\Program Files\Microsoft Visual Studio\2022\Community\VC\Tools\MSVC\14.39.33519\include\__msvc_iter_core.hpp(494,40): warning C4996:         ]
  (компиляция исходного файла "../../KeyEngineCore/src/KeyEngineCore/Rendering/OpenGL/VertexBuffer/VertexBuffer.cpp")
  C:\Program Files\Microsoft Visual Studio\2022\Community\VC\Tools\MSVC\14.39.33519\include\iterator(1470,35):
   см. объявление "stdext::checked_array_iterator"
  C:\Program Files\Microsoft Visual Studio\2022\Community\VC\Tools\MSVC\14.39.33519\include\__msvc_iter_core.hpp(494,40):
  контекст создания экземпляра шаблона (сначала самый старый)
  	C:\Program Files\Microsoft Visual Studio\2022\Community\VC\Tools\MSVC\14.39.33519\include\xutility(1243,93):
  	выполняется компиляция ссылки на экземпляр псевдоним шаблон функции "std::_Iter_diff_t<_Iter>"
          with
          [
              _Iter=stdext::checked_array_iterator<fmt::v9::detail::bigint::bigit *>
          ]
  	C:\Program Files\Microsoft Visual Studio\2022\Community\VC\Tools\MSVC\14.39.33519\include\xutility(1066,55):
  	выполняется компиляция ссылки на экземпляр класс шаблон функции "std::iterator_traits<_Iter>"
          with
          [
              _Iter=stdext::checked_array_iterator<fmt::v9::detail::bigint::bigit *>
          ]
  	C:\Program Files\Microsoft Visual Studio\2022\Community\VC\Tools\MSVC\14.39.33519\include\__msvc_iter_core.hpp(514,26):
  	выполняется компиляция ссылки на экземпляр класс шаблон функции "std::_Iterator_traits_base<_Iter,void>"
          with
          [
              _Iter=stdext::checked_array_iterator<fmt::v9::detail::bigint::bigit *>
          ]
  
C:\Program Files\Microsoft Visual Studio\2022\Community\VC\Tools\MSVC\14.39.33519\include\__msvc_iter_core.hpp(494,31): warning C4996: 'stdext::checked_array_iterator<T *>::iterator_category': warning STL4043: stdext::checked_array_iterator, stdext::unchecked_array_iterator, and related factory functions are non-Standard extensions and will be removed in the future. std::span (since C++20) and gsl::span can be used instead. You can define _SILENCE_STDEXT_ARR_ITERS_DEPRECATION_WARNING or _SILENCE_ALL_MS_EXT_DEPRECATION_WARNINGS to suppress this warning.
C:\Program Files\Microsoft Visual Studio\2022\Community\VC\Tools\MSVC\14.39.33519\include\__msvc_iter_core.hpp(494,31): warning C4996:         with
C:\Program Files\Microsoft Visual Studio\2022\Community\VC\Tools\MSVC\14.39.33519\include\__msvc_iter_core.hpp(494,31): warning C4996:         [
C:\Program Files\Microsoft Visual Studio\2022\Community\VC\Tools\MSVC\14.39.33519\include\__msvc_iter_core.hpp(494,31): warning C4996:             T=fmt::v9::detail::bigint::bigit
C:\Program Files\Microsoft Visual Studio\2022\Community\VC\Tools\MSVC\14.39.33519\include\__msvc_iter_core.hpp(494,31): warning C4996:         ]
  (компиляция исходного файла "../../KeyEngineCore/src/KeyEngineCore/Rendering/OpenGL/VertexBuffer/VertexBuffer.cpp")
  
C:\Program Files\Microsoft Visual Studio\2022\Community\VC\Tools\MSVC\14.39.33519\include\__msvc_iter_core.hpp(495,40): warning C4996: 'stdext::checked_array_iterator<T *>': warning STL4043: stdext::checked_array_iterator, stdext::unchecked_array_iterator, and related factory functions are non-Standard extensions and will be removed in the future. std::span (since C++20) and gsl::span can be used instead. You can define _SILENCE_STDEXT_ARR_ITERS_DEPRECATION_WARNING or _SILENCE_ALL_MS_EXT_DEPRECATION_WARNINGS to suppress this warning.
C:\Program Files\Microsoft Visual Studio\2022\Community\VC\Tools\MSVC\14.39.33519\include\__msvc_iter_core.hpp(495,40): warning C4996:         with
C:\Program Files\Microsoft Visual Studio\2022\Community\VC\Tools\MSVC\14.39.33519\include\__msvc_iter_core.hpp(495,40): warning C4996:         [
C:\Program Files\Microsoft Visual Studio\2022\Community\VC\Tools\MSVC\14.39.33519\include\__msvc_iter_core.hpp(495,40): warning C4996:             T=fmt::v9::detail::bigint::bigit
C:\Program Files\Microsoft Visual Studio\2022\Community\VC\Tools\MSVC\14.39.33519\include\__msvc_iter_core.hpp(495,40): warning C4996:         ]
  (компиляция исходного файла "../../KeyEngineCore/src/KeyEngineCore/Rendering/OpenGL/VertexBuffer/VertexBuffer.cpp")
  C:\Program Files\Microsoft Visual Studio\2022\Community\VC\Tools\MSVC\14.39.33519\include\iterator(1470,35):
   см. объявление "stdext::checked_array_iterator"
  
C:\Program Files\Microsoft Visual Studio\2022\Community\VC\Tools\MSVC\14.39.33519\include\__msvc_iter_core.hpp(495,31): warning C4996: 'stdext::checked_array_iterator<T *>::value_type': warning STL4043: stdext::checked_array_iterator, stdext::unchecked_array_iterator, and related factory functions are non-Standard extensions and will be removed in the future. std::span (since C++20) and gsl::span can be used instead. You can define _SILENCE_STDEXT_ARR_ITERS_DEPRECATION_WARNING or _SILENCE_ALL_MS_EXT_DEPRECATION_WARNINGS to suppress this warning.
C:\Program Files\Microsoft Visual Studio\2022\Community\VC\Tools\MSVC\14.39.33519\include\__msvc_iter_core.hpp(495,31): warning C4996:         with
C:\Program Files\Microsoft Visual Studio\2022\Community\VC\Tools\MSVC\14.39.33519\include\__msvc_iter_core.hpp(495,31): warning C4996:         [
C:\Program Files\Microsoft Visual Studio\2022\Community\VC\Tools\MSVC\14.39.33519\include\__msvc_iter_core.hpp(495,31): warning C4996:             T=fmt::v9::detail::bigint::bigit
C:\Program Files\Microsoft Visual Studio\2022\Community\VC\Tools\MSVC\14.39.33519\include\__msvc_iter_core.hpp(495,31): warning C4996:         ]
  (компиляция исходного файла "../../KeyEngineCore/src/KeyEngineCore/Rendering/OpenGL/VertexBuffer/VertexBuffer.cpp")
  
C:\Program Files\Microsoft Visual Studio\2022\Community\VC\Tools\MSVC\14.39.33519\include\__msvc_iter_core.hpp(496,40): warning C4996: 'stdext::checked_array_iterator<T *>': warning STL4043: stdext::checked_array_iterator, stdext::unchecked_array_iterator, and related factory functions are non-Standard extensions and will be removed in the future. std::span (since C++20) and gsl::span can be used instead. You can define _SILENCE_STDEXT_ARR_ITERS_DEPRECATION_WARNING or _SILENCE_ALL_MS_EXT_DEPRECATION_WARNINGS to suppress this warning.
C:\Program Files\Microsoft Visual Studio\2022\Community\VC\Tools\MSVC\14.39.33519\include\__msvc_iter_core.hpp(496,40): warning C4996:         with
C:\Program Files\Microsoft Visual Studio\2022\Community\VC\Tools\MSVC\14.39.33519\include\__msvc_iter_core.hpp(496,40): warning C4996:         [
C:\Program Files\Microsoft Visual Studio\2022\Community\VC\Tools\MSVC\14.39.33519\include\__msvc_iter_core.hpp(496,40): warning C4996:             T=fmt::v9::detail::bigint::bigit
C:\Program Files\Microsoft Visual Studio\2022\Community\VC\Tools\MSVC\14.39.33519\include\__msvc_iter_core.hpp(496,40): warning C4996:         ]
  (компиляция исходного файла "../../KeyEngineCore/src/KeyEngineCore/Rendering/OpenGL/VertexBuffer/VertexBuffer.cpp")
  C:\Program Files\Microsoft Visual Studio\2022\Community\VC\Tools\MSVC\14.39.33519\include\iterator(1470,35):
   см. объявление "stdext::checked_array_iterator"
  
C:\Program Files\Microsoft Visual Studio\2022\Community\VC\Tools\MSVC\14.39.33519\include\__msvc_iter_core.hpp(496,31): warning C4996: 'stdext::checked_array_iterator<T *>::difference_type': warning STL4043: stdext::checked_array_iterator, stdext::unchecked_array_iterator, and related factory functions are non-Standard extensions and will be removed in the future. std::span (since C++20) and gsl::span can be used instead. You can define _SILENCE_STDEXT_ARR_ITERS_DEPRECATION_WARNING or _SILENCE_ALL_MS_EXT_DEPRECATION_WARNINGS to suppress this warning.
C:\Program Files\Microsoft Visual Studio\2022\Community\VC\Tools\MSVC\14.39.33519\include\__msvc_iter_core.hpp(496,31): warning C4996:         with
C:\Program Files\Microsoft Visual Studio\2022\Community\VC\Tools\MSVC\14.39.33519\include\__msvc_iter_core.hpp(496,31): warning C4996:         [
C:\Program Files\Microsoft Visual Studio\2022\Community\VC\Tools\MSVC\14.39.33519\include\__msvc_iter_core.hpp(496,31): warning C4996:             T=fmt::v9::detail::bigint::bigit
C:\Program Files\Microsoft Visual Studio\2022\Community\VC\Tools\MSVC\14.39.33519\include\__msvc_iter_core.hpp(496,31): warning C4996:         ]
  (компиляция исходного файла "../../KeyEngineCore/src/KeyEngineCore/Rendering/OpenGL/VertexBuffer/VertexBuffer.cpp")
  
C:\Program Files\Microsoft Visual Studio\2022\Community\VC\Tools\MSVC\14.39.33519\include\__msvc_iter_core.hpp(497,40): warning C4996: 'stdext::checked_array_iterator<T *>': warning STL4043: stdext::checked_array_iterator, stdext::unchecked_array_iterator, and related factory functions are non-Standard extensions and will be removed in the future. std::span (since C++20) and gsl::span can be used instead. You can define _SILENCE_STDEXT_ARR_ITERS_DEPRECATION_WARNING or _SILENCE_ALL_MS_EXT_DEPRECATION_WARNINGS to suppress this warning.
C:\Program Files\Microsoft Visual Studio\2022\Community\VC\Tools\MSVC\14.39.33519\include\__msvc_iter_core.hpp(497,40): warning C4996:         with
C:\Program Files\Microsoft Visual Studio\2022\Community\VC\Tools\MSVC\14.39.33519\include\__msvc_iter_core.hpp(497,40): warning C4996:         [
C:\Program Files\Microsoft Visual Studio\2022\Community\VC\Tools\MSVC\14.39.33519\include\__msvc_iter_core.hpp(497,40): warning C4996:             T=fmt::v9::detail::bigint::bigit
C:\Program Files\Microsoft Visual Studio\2022\Community\VC\Tools\MSVC\14.39.33519\include\__msvc_iter_core.hpp(497,40): warning C4996:         ]
  (компиляция исходного файла "../../KeyEngineCore/src/KeyEngineCore/Rendering/OpenGL/VertexBuffer/VertexBuffer.cpp")
  C:\Program Files\Microsoft Visual Studio\2022\Community\VC\Tools\MSVC\14.39.33519\include\iterator(1470,35):
   см. объявление "stdext::checked_array_iterator"
  
C:\Program Files\Microsoft Visual Studio\2022\Community\VC\Tools\MSVC\14.39.33519\include\__msvc_iter_core.hpp(497,31): warning C4996: 'stdext::checked_array_iterator<T *>::pointer': warning STL4043: stdext::checked_array_iterator, stdext::unchecked_array_iterator, and related factory functions are non-Standard extensions and will be removed in the future. std::span (since C++20) and gsl::span can be used instead. You can define _SILENCE_STDEXT_ARR_ITERS_DEPRECATION_WARNING or _SILENCE_ALL_MS_EXT_DEPRECATION_WARNINGS to suppress this warning.
C:\Program Files\Microsoft Visual Studio\2022\Community\VC\Tools\MSVC\14.39.33519\include\__msvc_iter_core.hpp(497,31): warning C4996:         with
C:\Program Files\Microsoft Visual Studio\2022\Community\VC\Tools\MSVC\14.39.33519\include\__msvc_iter_core.hpp(497,31): warning C4996:         [
C:\Program Files\Microsoft Visual Studio\2022\Community\VC\Tools\MSVC\14.39.33519\include\__msvc_iter_core.hpp(497,31): warning C4996:             T=fmt::v9::detail::bigint::bigit
C:\Program Files\Microsoft Visual Studio\2022\Community\VC\Tools\MSVC\14.39.33519\include\__msvc_iter_core.hpp(497,31): warning C4996:         ]
  (компиляция исходного файла "../../KeyEngineCore/src/KeyEngineCore/Rendering/OpenGL/VertexBuffer/VertexBuffer.cpp")
  
C:\Program Files\Microsoft Visual Studio\2022\Community\VC\Tools\MSVC\14.39.33519\include\__msvc_iter_core.hpp(498,40): warning C4996: 'stdext::checked_array_iterator<T *>': warning STL4043: stdext::checked_array_iterator, stdext::unchecked_array_iterator, and related factory functions are non-Standard extensions and will be removed in the future. std::span (since C++20) and gsl::span can be used instead. You can define _SILENCE_STDEXT_ARR_ITERS_DEPRECATION_WARNING or _SILENCE_ALL_MS_EXT_DEPRECATION_WARNINGS to suppress this warning.
C:\Program Files\Microsoft Visual Studio\2022\Community\VC\Tools\MSVC\14.39.33519\include\__msvc_iter_core.hpp(498,40): warning C4996:         with
C:\Program Files\Microsoft Visual Studio\2022\Community\VC\Tools\MSVC\14.39.33519\include\__msvc_iter_core.hpp(498,40): warning C4996:         [
C:\Program Files\Microsoft Visual Studio\2022\Community\VC\Tools\MSVC\14.39.33519\include\__msvc_iter_core.hpp(498,40): warning C4996:             T=fmt::v9::detail::bigint::bigit
C:\Program Files\Microsoft Visual Studio\2022\Community\VC\Tools\MSVC\14.39.33519\include\__msvc_iter_core.hpp(498,40): warning C4996:         ]
  (компиляция исходного файла "../../KeyEngineCore/src/KeyEngineCore/Rendering/OpenGL/VertexBuffer/VertexBuffer.cpp")
  C:\Program Files\Microsoft Visual Studio\2022\Community\VC\Tools\MSVC\14.39.33519\include\iterator(1470,35):
   см. объявление "stdext::checked_array_iterator"
  
C:\Program Files\Microsoft Visual Studio\2022\Community\VC\Tools\MSVC\14.39.33519\include\__msvc_iter_core.hpp(498,31): warning C4996: 'stdext::checked_array_iterator<T *>::reference': warning STL4043: stdext::checked_array_iterator, stdext::unchecked_array_iterator, and related factory functions are non-Standard extensions and will be removed in the future. std::span (since C++20) and gsl::span can be used instead. You can define _SILENCE_STDEXT_ARR_ITERS_DEPRECATION_WARNING or _SILENCE_ALL_MS_EXT_DEPRECATION_WARNINGS to suppress this warning.
C:\Program Files\Microsoft Visual Studio\2022\Community\VC\Tools\MSVC\14.39.33519\include\__msvc_iter_core.hpp(498,31): warning C4996:         with
C:\Program Files\Microsoft Visual Studio\2022\Community\VC\Tools\MSVC\14.39.33519\include\__msvc_iter_core.hpp(498,31): warning C4996:         [
C:\Program Files\Microsoft Visual Studio\2022\Community\VC\Tools\MSVC\14.39.33519\include\__msvc_iter_core.hpp(498,31): warning C4996:             T=fmt::v9::detail::bigint::bigit
C:\Program Files\Microsoft Visual Studio\2022\Community\VC\Tools\MSVC\14.39.33519\include\__msvc_iter_core.hpp(498,31): warning C4996:         ]
  (компиляция исходного файла "../../KeyEngineCore/src/KeyEngineCore/Rendering/OpenGL/VertexBuffer/VertexBuffer.cpp")
  
C:\Program Files\Microsoft Visual Studio\2022\Community\VC\Tools\MSVC\14.39.33519\include\xutility(1265,12): warning C4996: 'stdext::checked_array_iterator<T *>::_Verify_offset': warning STL4043: stdext::checked_array_iterator, stdext::unchecked_array_iterator, and related factory functions are non-Standard extensions and will be removed in the future. std::span (since C++20) and gsl::span can be used instead. You can define _SILENCE_STDEXT_ARR_ITERS_DEPRECATION_WARNING or _SILENCE_ALL_MS_EXT_DEPRECATION_WARNINGS to suppress this warning.
C:\Program Files\Microsoft Visual Studio\2022\Community\VC\Tools\MSVC\14.39.33519\include\xutility(1265,12): warning C4996:         with
C:\Program Files\Microsoft Visual Studio\2022\Community\VC\Tools\MSVC\14.39.33519\include\xutility(1265,12): warning C4996:         [
C:\Program Files\Microsoft Visual Studio\2022\Community\VC\Tools\MSVC\14.39.33519\include\xutility(1265,12): warning C4996:             T=fmt::v9::detail::bigint::bigit
C:\Program Files\Microsoft Visual Studio\2022\Community\VC\Tools\MSVC\14.39.33519\include\xutility(1265,12): warning C4996:         ]
  (компиляция исходного файла "../../KeyEngineCore/src/KeyEngineCore/Rendering/OpenGL/VertexBuffer/VertexBuffer.cpp")
  
C:\Program Files\Microsoft Visual Studio\2022\Community\VC\Tools\MSVC\14.39.33519\include\xutility(1266,41): warning C4996: 'stdext::checked_array_iterator<T *>::_Unwrapped': warning STL4043: stdext::checked_array_iterator, stdext::unchecked_array_iterator, and related factory functions are non-Standard extensions and will be removed in the future. std::span (since C++20) and gsl::span can be used instead. You can define _SILENCE_STDEXT_ARR_ITERS_DEPRECATION_WARNING or _SILENCE_ALL_MS_EXT_DEPRECATION_WARNINGS to suppress this warning.
C:\Program Files\Microsoft Visual Studio\2022\Community\VC\Tools\MSVC\14.39.33519\include\xutility(1266,41): warning C4996:         with
C:\Program Files\Microsoft Visual Studio\2022\Community\VC\Tools\MSVC\14.39.33519\include\xutility(1266,41): warning C4996:         [
C:\Program Files\Microsoft Visual Studio\2022\Community\VC\Tools\MSVC\14.39.33519\include\xutility(1266,41): warning C4996:             T=fmt::v9::detail::bigint::bigit
C:\Program Files\Microsoft Visual Studio\2022\Community\VC\Tools\MSVC\14.39.33519\include\xutility(1266,41): warning C4996:         ]
  (компиляция исходного файла "../../KeyEngineCore/src/KeyEngineCore/Rendering/OpenGL/VertexBuffer/VertexBuffer.cpp")
  
C:\loran-project\KeyEngine\external\spdlog\include\spdlog\fmt\bundled\core.h(842,24): warning C4996: 'stdext::checked_array_iterator<T *>::operator *': warning STL4043: stdext::checked_array_iterator, stdext::unchecked_array_iterator, and related factory functions are non-Standard extensions and will be removed in the future. std::span (since C++20) and gsl::span can be used instead. You can define _SILENCE_STDEXT_ARR_ITERS_DEPRECATION_WARNING or _SILENCE_ALL_MS_EXT_DEPRECATION_WARNINGS to suppress this warning.
C:\loran-project\KeyEngine\external\spdlog\include\spdlog\fmt\bundled\core.h(842,24): warning C4996:         with
C:\loran-project\KeyEngine\external\spdlog\include\spdlog\fmt\bundled\core.h(842,24): warning C4996:         [
C:\loran-project\KeyEngine\external\spdlog\include\spdlog\fmt\bundled\core.h(842,24): warning C4996:             T=fmt::v9::detail::bigint::bigit
C:\loran-project\KeyEngine\external\spdlog\include\spdlog\fmt\bundled\core.h(842,24): warning C4996:         ]
  (компиляция исходного файла "../../KeyEngineCore/src/KeyEngineCore/Rendering/OpenGL/VertexBuffer/VertexBuffer.cpp")
  C:\loran-project\KeyEngine\external\spdlog\include\spdlog\fmt\bundled\core.h(842,24):
  контекст создания экземпляра шаблона (сначала самый старый)
  	C:\loran-project\KeyEngine\external\spdlog\include\spdlog\fmt\bundled\format.h(2714,47):
  	выполняется компиляция ссылки на экземпляр класс шаблон функции "fmt::v9::basic_memory_buffer<fmt::v9::detail::bigint::bigit,32,std::allocator<T>>"
          with
          [
              T=fmt::v9::detail::bigint::bigit
          ]
  	C:\loran-project\KeyEngine\external\spdlog\include\spdlog\fmt\bundled\format.h(849,24):
  	во время компиляции функции-члена класс шаблон "void fmt::v9::basic_memory_buffer<fmt::v9::detail::bigint::bigit,32,std::allocator<T>>::move(fmt::v9::basic_memory_buffer<T,32,std::allocator<T>> &)"
          with
          [
              T=fmt::v9::detail::bigint::bigit
          ]
  		C:\loran-project\KeyEngine\external\spdlog\include\spdlog\fmt\bundled\format.h(875,9):
  		см. первую ссылку на "fmt::v9::basic_memory_buffer<fmt::v9::detail::bigint::bigit,32,std::allocator<T>>::move" в "fmt::v9::basic_memory_buffer<fmt::v9::detail::bigint::bigit,32,std::allocator<T>>::basic_memory_buffer"
          with
          [
              T=fmt::v9::detail::bigint::bigit
          ]
  		C:\loran-project\KeyEngine\external\spdlog\include\spdlog\fmt\bundled\format.h(2906,50):
  		см. первую ссылку на "fmt::v9::basic_memory_buffer<fmt::v9::detail::bigint::bigit,32,std::allocator<T>>::basic_memory_buffer" в "fmt::v9::detail::bigint::square"
          with
          [
              T=fmt::v9::detail::bigint::bigit
          ]
  	C:\loran-project\KeyEngine\external\spdlog\include\spdlog\fmt\bundled\format.h(855,15):
  	выполняется компиляция ссылки на экземпляр шаблон функции "OutputIt fmt::v9::detail::copy_str<T,T*,stdext::checked_array_iterator<T *>>(InputIt,InputIt,OutputIt)"
          with
          [
              OutputIt=stdext::checked_array_iterator<fmt::v9::detail::bigint::bigit *>,
              T=fmt::v9::detail::bigint::bigit,
              InputIt=fmt::v9::detail::bigint::bigit *
          ]
  
C:\loran-project\KeyEngine\external\spdlog\include\spdlog\fmt\bundled\format.h(493,3): warning C4996: 'stdext::checked_array_iterator<T *>::checked_array_iterator': warning STL4043: stdext::checked_array_iterator, stdext::unchecked_array_iterator, and related factory functions are non-Standard extensions and will be removed in the future. std::span (since C++20) and gsl::span can be used instead. You can define _SILENCE_STDEXT_ARR_ITERS_DEPRECATION_WARNING or _SILENCE_ALL_MS_EXT_DEPRECATION_WARNINGS to suppress this warning.
C:\loran-project\KeyEngine\external\spdlog\include\spdlog\fmt\bundled\format.h(493,3): warning C4996:         with
C:\loran-project\KeyEngine\external\spdlog\include\spdlog\fmt\bundled\format.h(493,3): warning C4996:         [
C:\loran-project\KeyEngine\external\spdlog\include\spdlog\fmt\bundled\format.h(493,3): warning C4996:             T=wchar_t
C:\loran-project\KeyEngine\external\spdlog\include\spdlog\fmt\bundled\format.h(493,3): warning C4996:         ]
  (компиляция исходного файла "../../KeyEngineCore/src/KeyEngineCore/Rendering/OpenGL/VertexBuffer/VertexBuffer.cpp")
  C:\loran-project\KeyEngine\external\spdlog\include\spdlog\fmt\bundled\format.h(493,3):
  контекст создания экземпляра шаблона (сначала самый старый)
  	C:\loran-project\KeyEngine\external\spdlog\include\spdlog\fmt\bundled\format.h(1276,32):
  	выполняется компиляция ссылки на экземпляр класс шаблон функции "fmt::v9::basic_memory_buffer<wchar_t,500,std::allocator<wchar_t>>"
  	C:\loran-project\KeyEngine\external\spdlog\include\spdlog\fmt\bundled\format.h(912,18):
  	во время компиляции функции-члена класс шаблон "void fmt::v9::basic_memory_buffer<wchar_t,500,std::allocator<wchar_t>>::grow(size_t)"
  	C:\loran-project\KeyEngine\external\spdlog\include\spdlog\fmt\bundled\format.h(926,35):
  	выполняется компиляция ссылки на экземпляр шаблон функции "stdext::checked_array_iterator<T *> fmt::v9::detail::make_checked<T>(T *,size_t)"
          with
          [
              T=wchar_t
          ]
  
C:\Program Files\Microsoft Visual Studio\2022\Community\VC\Tools\MSVC\14.39.33519\include\xutility(1151,31): warning C4996: 'stdext::checked_array_iterator<T *>': warning STL4043: stdext::checked_array_iterator, stdext::unchecked_array_iterator, and related factory functions are non-Standard extensions and will be removed in the future. std::span (since C++20) and gsl::span can be used instead. You can define _SILENCE_STDEXT_ARR_ITERS_DEPRECATION_WARNING or _SILENCE_ALL_MS_EXT_DEPRECATION_WARNINGS to suppress this warning.
C:\Program Files\Microsoft Visual Studio\2022\Community\VC\Tools\MSVC\14.39.33519\include\xutility(1151,31): warning C4996:         with
C:\Program Files\Microsoft Visual Studio\2022\Community\VC\Tools\MSVC\14.39.33519\include\xutility(1151,31): warning C4996:         [
C:\Program Files\Microsoft Visual Studio\2022\Community\VC\Tools\MSVC\14.39.33519\include\xutility(1151,31): warning C4996:             T=wchar_t
C:\Program Files\Microsoft Visual Studio\2022\Community\VC\Tools\MSVC\14.39.33519\include\xutility(1151,31): warning C4996:         ]
  (компиляция исходного файла "../../KeyEngineCore/src/KeyEngineCore/Rendering/OpenGL/VertexBuffer/VertexBuffer.cpp")
  C:\Program Files\Microsoft Visual Studio\2022\Community\VC\Tools\MSVC\14.39.33519\include\iterator(1470,35):
   см. объявление "stdext::checked_array_iterator"
  C:\Program Files\Microsoft Visual Studio\2022\Community\VC\Tools\MSVC\14.39.33519\include\xutility(1151,31):
  контекст создания экземпляра шаблона (сначала самый старый)
  	C:\loran-project\KeyEngine\external\spdlog\include\spdlog\fmt\bundled\format.h(925,8):
  	выполняется компиляция ссылки на экземпляр шаблон функции "_NoThrowFwdIt std::uninitialized_copy<T*,stdext::checked_array_iterator<T *>>(const _InIt,const _InIt,_NoThrowFwdIt)"
          with
          [
              _NoThrowFwdIt=stdext::checked_array_iterator<wchar_t *>,
              T=wchar_t,
              _InIt=wchar_t *
          ]
  	C:\Program Files\Microsoft Visual Studio\2022\Community\VC\Tools\MSVC\14.39.33519\include\xmemory(1923,25):
  	выполняется компиляция ссылки на экземпляр шаблон функции "decltype(auto) std::_Get_unwrapped_n<_NoThrowFwdIt&,__int64>(_Iter,const _Diff)"
          with
          [
              _NoThrowFwdIt=stdext::checked_array_iterator<wchar_t *>,
              _Iter=stdext::checked_array_iterator<wchar_t *> &,
              _Diff=__int64
          ]
  	C:\Program Files\Microsoft Visual Studio\2022\Community\VC\Tools\MSVC\14.39.33519\include\xutility(1254,26):
  	выполняется компиляция ссылки на шаблон переменной "const bool _Unwrappable_for_offset_v<stdext::checked_array_iterator<wchar_t *> &>"
  	C:\Program Files\Microsoft Visual Studio\2022\Community\VC\Tools\MSVC\14.39.33519\include\xutility(1248,5):
  	выполняется компиляция ссылки на шаблон переменной "const bool _Unwrappable_v<stdext::checked_array_iterator<wchar_t *> &,void>"
  	C:\Program Files\Microsoft Visual Studio\2022\Community\VC\Tools\MSVC\14.39.33519\include\xutility(1175,5):
  	выполняется компиляция ссылки на шаблон переменной "const bool _Allow_inheriting_unwrap_v<stdext::checked_array_iterator<wchar_t *>,void>"
  
C:\Program Files\Microsoft Visual Studio\2022\Community\VC\Tools\MSVC\14.39.33519\include\xutility(1151,22): warning C4996: 'stdext::checked_array_iterator<T *>::_Prevent_inheriting_unwrap': warning STL4043: stdext::checked_array_iterator, stdext::unchecked_array_iterator, and related factory functions are non-Standard extensions and will be removed in the future. std::span (since C++20) and gsl::span can be used instead. You can define _SILENCE_STDEXT_ARR_ITERS_DEPRECATION_WARNING or _SILENCE_ALL_MS_EXT_DEPRECATION_WARNINGS to suppress this warning.
C:\Program Files\Microsoft Visual Studio\2022\Community\VC\Tools\MSVC\14.39.33519\include\xutility(1151,22): warning C4996:         with
C:\Program Files\Microsoft Visual Studio\2022\Community\VC\Tools\MSVC\14.39.33519\include\xutility(1151,22): warning C4996:         [
C:\Program Files\Microsoft Visual Studio\2022\Community\VC\Tools\MSVC\14.39.33519\include\xutility(1151,22): warning C4996:             T=wchar_t
C:\Program Files\Microsoft Visual Studio\2022\Community\VC\Tools\MSVC\14.39.33519\include\xutility(1151,22): warning C4996:         ]
  (компиляция исходного файла "../../KeyEngineCore/src/KeyEngineCore/Rendering/OpenGL/VertexBuffer/VertexBuffer.cpp")
  
C:\Program Files\Microsoft Visual Studio\2022\Community\VC\Tools\MSVC\14.39.33519\include\__msvc_iter_core.hpp(494,40): warning C4996: 'stdext::checked_array_iterator<T *>': warning STL4043: stdext::checked_array_iterator, stdext::unchecked_array_iterator, and related factory functions are non-Standard extensions and will be removed in the future. std::span (since C++20) and gsl::span can be used instead. You can define _SILENCE_STDEXT_ARR_ITERS_DEPRECATION_WARNING or _SILENCE_ALL_MS_EXT_DEPRECATION_WARNINGS to suppress this warning.
C:\Program Files\Microsoft Visual Studio\2022\Community\VC\Tools\MSVC\14.39.33519\include\__msvc_iter_core.hpp(494,40): warning C4996:         with
C:\Program Files\Microsoft Visual Studio\2022\Community\VC\Tools\MSVC\14.39.33519\include\__msvc_iter_core.hpp(494,40): warning C4996:         [
C:\Program Files\Microsoft Visual Studio\2022\Community\VC\Tools\MSVC\14.39.33519\include\__msvc_iter_core.hpp(494,40): warning C4996:             T=wchar_t
C:\Program Files\Microsoft Visual Studio\2022\Community\VC\Tools\MSVC\14.39.33519\include\__msvc_iter_core.hpp(494,40): warning C4996:         ]
  (компиляция исходного файла "../../KeyEngineCore/src/KeyEngineCore/Rendering/OpenGL/VertexBuffer/VertexBuffer.cpp")
  C:\Program Files\Microsoft Visual Studio\2022\Community\VC\Tools\MSVC\14.39.33519\include\iterator(1470,35):
   см. объявление "stdext::checked_array_iterator"
  C:\Program Files\Microsoft Visual Studio\2022\Community\VC\Tools\MSVC\14.39.33519\include\__msvc_iter_core.hpp(494,40):
  контекст создания экземпляра шаблона (сначала самый старый)
  	C:\Program Files\Microsoft Visual Studio\2022\Community\VC\Tools\MSVC\14.39.33519\include\xutility(1243,93):
  	выполняется компиляция ссылки на экземпляр псевдоним шаблон функции "std::_Iter_diff_t<_Iter>"
          with
          [
              _Iter=stdext::checked_array_iterator<wchar_t *>
          ]
  	C:\Program Files\Microsoft Visual Studio\2022\Community\VC\Tools\MSVC\14.39.33519\include\xutility(1066,55):
  	выполняется компиляция ссылки на экземпляр класс шаблон функции "std::iterator_traits<_Iter>"
          with
          [
              _Iter=stdext::checked_array_iterator<wchar_t *>
          ]
  	C:\Program Files\Microsoft Visual Studio\2022\Community\VC\Tools\MSVC\14.39.33519\include\__msvc_iter_core.hpp(514,26):
  	выполняется компиляция ссылки на экземпляр класс шаблон функции "std::_Iterator_traits_base<_Iter,void>"
          with
          [
              _Iter=stdext::checked_array_iterator<wchar_t *>
          ]
  
C:\Program Files\Microsoft Visual Studio\2022\Community\VC\Tools\MSVC\14.39.33519\include\__msvc_iter_core.hpp(494,31): warning C4996: 'stdext::checked_array_iterator<T *>::iterator_category': warning STL4043: stdext::checked_array_iterator, stdext::unchecked_array_iterator, and related factory functions are non-Standard extensions and will be removed in the future. std::span (since C++20) and gsl::span can be used instead. You can define _SILENCE_STDEXT_ARR_ITERS_DEPRECATION_WARNING or _SILENCE_ALL_MS_EXT_DEPRECATION_WARNINGS to suppress this warning.
C:\Program Files\Microsoft Visual Studio\2022\Community\VC\Tools\MSVC\14.39.33519\include\__msvc_iter_core.hpp(494,31): warning C4996:         with
C:\Program Files\Microsoft Visual Studio\2022\Community\VC\Tools\MSVC\14.39.33519\include\__msvc_iter_core.hpp(494,31): warning C4996:         [
C:\Program Files\Microsoft Visual Studio\2022\Community\VC\Tools\MSVC\14.39.33519\include\__msvc_iter_core.hpp(494,31): warning C4996:             T=wchar_t
C:\Program Files\Microsoft Visual Studio\2022\Community\VC\Tools\MSVC\14.39.33519\include\__msvc_iter_core.hpp(494,31): warning C4996:         ]
  (компиляция исходного файла "../../KeyEngineCore/src/KeyEngineCore/Rendering/OpenGL/VertexBuffer/VertexBuffer.cpp")
  
C:\Program Files\Microsoft Visual Studio\2022\Community\VC\Tools\MSVC\14.39.33519\include\__msvc_iter_core.hpp(495,40): warning C4996: 'stdext::checked_array_iterator<T *>': warning STL4043: stdext::checked_array_iterator, stdext::unchecked_array_iterator, and related factory functions are non-Standard extensions and will be removed in the future. std::span (since C++20) and gsl::span can be used instead. You can define _SILENCE_STDEXT_ARR_ITERS_DEPRECATION_WARNING or _SILENCE_ALL_MS_EXT_DEPRECATION_WARNINGS to suppress this warning.
C:\Program Files\Microsoft Visual Studio\2022\Community\VC\Tools\MSVC\14.39.33519\include\__msvc_iter_core.hpp(495,40): warning C4996:         with
C:\Program Files\Microsoft Visual Studio\2022\Community\VC\Tools\MSVC\14.39.33519\include\__msvc_iter_core.hpp(495,40): warning C4996:         [
C:\Program Files\Microsoft Visual Studio\2022\Community\VC\Tools\MSVC\14.39.33519\include\__msvc_iter_core.hpp(495,40): warning C4996:             T=wchar_t
C:\Program Files\Microsoft Visual Studio\2022\Community\VC\Tools\MSVC\14.39.33519\include\__msvc_iter_core.hpp(495,40): warning C4996:         ]
  (компиляция исходного файла "../../KeyEngineCore/src/KeyEngineCore/Rendering/OpenGL/VertexBuffer/VertexBuffer.cpp")
  C:\Program Files\Microsoft Visual Studio\2022\Community\VC\Tools\MSVC\14.39.33519\include\iterator(1470,35):
   см. объявление "stdext::checked_array_iterator"
  
C:\Program Files\Microsoft Visual Studio\2022\Community\VC\Tools\MSVC\14.39.33519\include\__msvc_iter_core.hpp(495,31): warning C4996: 'stdext::checked_array_iterator<T *>::value_type': warning STL4043: stdext::checked_array_iterator, stdext::unchecked_array_iterator, and related factory functions are non-Standard extensions and will be removed in the future. std::span (since C++20) and gsl::span can be used instead. You can define _SILENCE_STDEXT_ARR_ITERS_DEPRECATION_WARNING or _SILENCE_ALL_MS_EXT_DEPRECATION_WARNINGS to suppress this warning.
C:\Program Files\Microsoft Visual Studio\2022\Community\VC\Tools\MSVC\14.39.33519\include\__msvc_iter_core.hpp(495,31): warning C4996:         with
C:\Program Files\Microsoft Visual Studio\2022\Community\VC\Tools\MSVC\14.39.33519\include\__msvc_iter_core.hpp(495,31): warning C4996:         [
C:\Program Files\Microsoft Visual Studio\2022\Community\VC\Tools\MSVC\14.39.33519\include\__msvc_iter_core.hpp(495,31): warning C4996:             T=wchar_t
C:\Program Files\Microsoft Visual Studio\2022\Community\VC\Tools\MSVC\14.39.33519\include\__msvc_iter_core.hpp(495,31): warning C4996:         ]
  (компиляция исходного файла "../../KeyEngineCore/src/KeyEngineCore/Rendering/OpenGL/VertexBuffer/VertexBuffer.cpp")
  
C:\Program Files\Microsoft Visual Studio\2022\Community\VC\Tools\MSVC\14.39.33519\include\__msvc_iter_core.hpp(496,40): warning C4996: 'stdext::checked_array_iterator<T *>': warning STL4043: stdext::checked_array_iterator, stdext::unchecked_array_iterator, and related factory functions are non-Standard extensions and will be removed in the future. std::span (since C++20) and gsl::span can be used instead. You can define _SILENCE_STDEXT_ARR_ITERS_DEPRECATION_WARNING or _SILENCE_ALL_MS_EXT_DEPRECATION_WARNINGS to suppress this warning.
C:\Program Files\Microsoft Visual Studio\2022\Community\VC\Tools\MSVC\14.39.33519\include\__msvc_iter_core.hpp(496,40): warning C4996:         with
C:\Program Files\Microsoft Visual Studio\2022\Community\VC\Tools\MSVC\14.39.33519\include\__msvc_iter_core.hpp(496,40): warning C4996:         [
C:\Program Files\Microsoft Visual Studio\2022\Community\VC\Tools\MSVC\14.39.33519\include\__msvc_iter_core.hpp(496,40): warning C4996:             T=wchar_t
C:\Program Files\Microsoft Visual Studio\2022\Community\VC\Tools\MSVC\14.39.33519\include\__msvc_iter_core.hpp(496,40): warning C4996:         ]
  (компиляция исходного файла "../../KeyEngineCore/src/KeyEngineCore/Rendering/OpenGL/VertexBuffer/VertexBuffer.cpp")
  C:\Program Files\Microsoft Visual Studio\2022\Community\VC\Tools\MSVC\14.39.33519\include\iterator(1470,35):
   см. объявление "stdext::checked_array_iterator"
  
C:\Program Files\Microsoft Visual Studio\2022\Community\VC\Tools\MSVC\14.39.33519\include\__msvc_iter_core.hpp(496,31): warning C4996: 'stdext::checked_array_iterator<T *>::difference_type': warning STL4043: stdext::checked_array_iterator, stdext::unchecked_array_iterator, and related factory functions are non-Standard extensions and will be removed in the future. std::span (since C++20) and gsl::span can be used instead. You can define _SILENCE_STDEXT_ARR_ITERS_DEPRECATION_WARNING or _SILENCE_ALL_MS_EXT_DEPRECATION_WARNINGS to suppress this warning.
C:\Program Files\Microsoft Visual Studio\2022\Community\VC\Tools\MSVC\14.39.33519\include\__msvc_iter_core.hpp(496,31): warning C4996:         with
C:\Program Files\Microsoft Visual Studio\2022\Community\VC\Tools\MSVC\14.39.33519\include\__msvc_iter_core.hpp(496,31): warning C4996:         [
C:\Program Files\Microsoft Visual Studio\2022\Community\VC\Tools\MSVC\14.39.33519\include\__msvc_iter_core.hpp(496,31): warning C4996:             T=wchar_t
C:\Program Files\Microsoft Visual Studio\2022\Community\VC\Tools\MSVC\14.39.33519\include\__msvc_iter_core.hpp(496,31): warning C4996:         ]
  (компиляция исходного файла "../../KeyEngineCore/src/KeyEngineCore/Rendering/OpenGL/VertexBuffer/VertexBuffer.cpp")
  
C:\Program Files\Microsoft Visual Studio\2022\Community\VC\Tools\MSVC\14.39.33519\include\__msvc_iter_core.hpp(497,40): warning C4996: 'stdext::checked_array_iterator<T *>': warning STL4043: stdext::checked_array_iterator, stdext::unchecked_array_iterator, and related factory functions are non-Standard extensions and will be removed in the future. std::span (since C++20) and gsl::span can be used instead. You can define _SILENCE_STDEXT_ARR_ITERS_DEPRECATION_WARNING or _SILENCE_ALL_MS_EXT_DEPRECATION_WARNINGS to suppress this warning.
C:\Program Files\Microsoft Visual Studio\2022\Community\VC\Tools\MSVC\14.39.33519\include\__msvc_iter_core.hpp(497,40): warning C4996:         with
C:\Program Files\Microsoft Visual Studio\2022\Community\VC\Tools\MSVC\14.39.33519\include\__msvc_iter_core.hpp(497,40): warning C4996:         [
C:\Program Files\Microsoft Visual Studio\2022\Community\VC\Tools\MSVC\14.39.33519\include\__msvc_iter_core.hpp(497,40): warning C4996:             T=wchar_t
C:\Program Files\Microsoft Visual Studio\2022\Community\VC\Tools\MSVC\14.39.33519\include\__msvc_iter_core.hpp(497,40): warning C4996:         ]
  (компиляция исходного файла "../../KeyEngineCore/src/KeyEngineCore/Rendering/OpenGL/VertexBuffer/VertexBuffer.cpp")
  C:\Program Files\Microsoft Visual Studio\2022\Community\VC\Tools\MSVC\14.39.33519\include\iterator(1470,35):
   см. объявление "stdext::checked_array_iterator"
  
C:\Program Files\Microsoft Visual Studio\2022\Community\VC\Tools\MSVC\14.39.33519\include\__msvc_iter_core.hpp(497,31): warning C4996: 'stdext::checked_array_iterator<T *>::pointer': warning STL4043: stdext::checked_array_iterator, stdext::unchecked_array_iterator, and related factory functions are non-Standard extensions and will be removed in the future. std::span (since C++20) and gsl::span can be used instead. You can define _SILENCE_STDEXT_ARR_ITERS_DEPRECATION_WARNING or _SILENCE_ALL_MS_EXT_DEPRECATION_WARNINGS to suppress this warning.
C:\Program Files\Microsoft Visual Studio\2022\Community\VC\Tools\MSVC\14.39.33519\include\__msvc_iter_core.hpp(497,31): warning C4996:         with
C:\Program Files\Microsoft Visual Studio\2022\Community\VC\Tools\MSVC\14.39.33519\include\__msvc_iter_core.hpp(497,31): warning C4996:         [
C:\Program Files\Microsoft Visual Studio\2022\Community\VC\Tools\MSVC\14.39.33519\include\__msvc_iter_core.hpp(497,31): warning C4996:             T=wchar_t
C:\Program Files\Microsoft Visual Studio\2022\Community\VC\Tools\MSVC\14.39.33519\include\__msvc_iter_core.hpp(497,31): warning C4996:         ]
  (компиляция исходного файла "../../KeyEngineCore/src/KeyEngineCore/Rendering/OpenGL/VertexBuffer/VertexBuffer.cpp")
  
C:\Program Files\Microsoft Visual Studio\2022\Community\VC\Tools\MSVC\14.39.33519\include\__msvc_iter_core.hpp(498,40): warning C4996: 'stdext::checked_array_iterator<T *>': warning STL4043: stdext::checked_array_iterator, stdext::unchecked_array_iterator, and related factory functions are non-Standard extensions and will be removed in the future. std::span (since C++20) and gsl::span can be used instead. You can define _SILENCE_STDEXT_ARR_ITERS_DEPRECATION_WARNING or _SILENCE_ALL_MS_EXT_DEPRECATION_WARNINGS to suppress this warning.
C:\Program Files\Microsoft Visual Studio\2022\Community\VC\Tools\MSVC\14.39.33519\include\__msvc_iter_core.hpp(498,40): warning C4996:         with
C:\Program Files\Microsoft Visual Studio\2022\Community\VC\Tools\MSVC\14.39.33519\include\__msvc_iter_core.hpp(498,40): warning C4996:         [
C:\Program Files\Microsoft Visual Studio\2022\Community\VC\Tools\MSVC\14.39.33519\include\__msvc_iter_core.hpp(498,40): warning C4996:             T=wchar_t
C:\Program Files\Microsoft Visual Studio\2022\Community\VC\Tools\MSVC\14.39.33519\include\__msvc_iter_core.hpp(498,40): warning C4996:         ]
  (компиляция исходного файла "../../KeyEngineCore/src/KeyEngineCore/Rendering/OpenGL/VertexBuffer/VertexBuffer.cpp")
  C:\Program Files\Microsoft Visual Studio\2022\Community\VC\Tools\MSVC\14.39.33519\include\iterator(1470,35):
   см. объявление "stdext::checked_array_iterator"
  
C:\Program Files\Microsoft Visual Studio\2022\Community\VC\Tools\MSVC\14.39.33519\include\__msvc_iter_core.hpp(498,31): warning C4996: 'stdext::checked_array_iterator<T *>::reference': warning STL4043: stdext::checked_array_iterator, stdext::unchecked_array_iterator, and related factory functions are non-Standard extensions and will be removed in the future. std::span (since C++20) and gsl::span can be used instead. You can define _SILENCE_STDEXT_ARR_ITERS_DEPRECATION_WARNING or _SILENCE_ALL_MS_EXT_DEPRECATION_WARNINGS to suppress this warning.
C:\Program Files\Microsoft Visual Studio\2022\Community\VC\Tools\MSVC\14.39.33519\include\__msvc_iter_core.hpp(498,31): warning C4996:         with
C:\Program Files\Microsoft Visual Studio\2022\Community\VC\Tools\MSVC\14.39.33519\include\__msvc_iter_core.hpp(498,31): warning C4996:         [
C:\Program Files\Microsoft Visual Studio\2022\Community\VC\Tools\MSVC\14.39.33519\include\__msvc_iter_core.hpp(498,31): warning C4996:             T=wchar_t
C:\Program Files\Microsoft Visual Studio\2022\Community\VC\Tools\MSVC\14.39.33519\include\__msvc_iter_core.hpp(498,31): warning C4996:         ]
  (компиляция исходного файла "../../KeyEngineCore/src/KeyEngineCore/Rendering/OpenGL/VertexBuffer/VertexBuffer.cpp")
  
C:\Program Files\Microsoft Visual Studio\2022\Community\VC\Tools\MSVC\14.39.33519\include\xutility(1265,12): warning C4996: 'stdext::checked_array_iterator<T *>::_Verify_offset': warning STL4043: stdext::checked_array_iterator, stdext::unchecked_array_iterator, and related factory functions are non-Standard extensions and will be removed in the future. std::span (since C++20) and gsl::span can be used instead. You can define _SILENCE_STDEXT_ARR_ITERS_DEPRECATION_WARNING or _SILENCE_ALL_MS_EXT_DEPRECATION_WARNINGS to suppress this warning.
C:\Program Files\Microsoft Visual Studio\2022\Community\VC\Tools\MSVC\14.39.33519\include\xutility(1265,12): warning C4996:         with
C:\Program Files\Microsoft Visual Studio\2022\Community\VC\Tools\MSVC\14.39.33519\include\xutility(1265,12): warning C4996:         [
C:\Program Files\Microsoft Visual Studio\2022\Community\VC\Tools\MSVC\14.39.33519\include\xutility(1265,12): warning C4996:             T=wchar_t
C:\Program Files\Microsoft Visual Studio\2022\Community\VC\Tools\MSVC\14.39.33519\include\xutility(1265,12): warning C4996:         ]
  (компиляция исходного файла "../../KeyEngineCore/src/KeyEngineCore/Rendering/OpenGL/VertexBuffer/VertexBuffer.cpp")
  
C:\Program Files\Microsoft Visual Studio\2022\Community\VC\Tools\MSVC\14.39.33519\include\xutility(1266,41): warning C4996: 'stdext::checked_array_iterator<T *>::_Unwrapped': warning STL4043: stdext::checked_array_iterator, stdext::unchecked_array_iterator, and related factory functions are non-Standard extensions and will be removed in the future. std::span (since C++20) and gsl::span can be used instead. You can define _SILENCE_STDEXT_ARR_ITERS_DEPRECATION_WARNING or _SILENCE_ALL_MS_EXT_DEPRECATION_WARNINGS to suppress this warning.
C:\Program Files\Microsoft Visual Studio\2022\Community\VC\Tools\MSVC\14.39.33519\include\xutility(1266,41): warning C4996:         with
C:\Program Files\Microsoft Visual Studio\2022\Community\VC\Tools\MSVC\14.39.33519\include\xutility(1266,41): warning C4996:         [
C:\Program Files\Microsoft Visual Studio\2022\Community\VC\Tools\MSVC\14.39.33519\include\xutility(1266,41): warning C4996:             T=wchar_t
C:\Program Files\Microsoft Visual Studio\2022\Community\VC\Tools\MSVC\14.39.33519\include\xutility(1266,41): warning C4996:         ]
  (компиляция исходного файла "../../KeyEngineCore/src/KeyEngineCore/Rendering/OpenGL/VertexBuffer/VertexBuffer.cpp")
  
C:\Program Files\Microsoft Visual Studio\2022\Community\VC\Tools\MSVC\14.39.33519\include\xutility(1287,12): warning C4996: 'stdext::checked_array_iterator<T *>::_Seek_to': warning STL4043: stdext::checked_array_iterator, stdext::unchecked_array_iterator, and related factory functions are non-Standard extensions and will be removed in the future. std::span (since C++20) and gsl::span can be used instead. You can define _SILENCE_STDEXT_ARR_ITERS_DEPRECATION_WARNING or _SILENCE_ALL_MS_EXT_DEPRECATION_WARNINGS to suppress this warning.
C:\Program Files\Microsoft Visual Studio\2022\Community\VC\Tools\MSVC\14.39.33519\include\xutility(1287,12): warning C4996:         with
C:\Program Files\Microsoft Visual Studio\2022\Community\VC\Tools\MSVC\14.39.33519\include\xutility(1287,12): warning C4996:         [
C:\Program Files\Microsoft Visual Studio\2022\Community\VC\Tools\MSVC\14.39.33519\include\xutility(1287,12): warning C4996:             T=fmt::v9::detail::bigint::bigit
C:\Program Files\Microsoft Visual Studio\2022\Community\VC\Tools\MSVC\14.39.33519\include\xutility(1287,12): warning C4996:         ]
  (компиляция исходного файла "../../KeyEngineCore/src/KeyEngineCore/Rendering/OpenGL/VertexBuffer/VertexBuffer.cpp")
  C:\Program Files\Microsoft Visual Studio\2022\Community\VC\Tools\MSVC\14.39.33519\include\xutility(1287,12):
  контекст создания экземпляра шаблона (сначала самый старый)
  	C:\loran-project\KeyEngine\external\spdlog\include\spdlog\fmt\bundled\format.h(2807,10):
  	выполняется компиляция ссылки на экземпляр шаблон функции "_OutIt std::copy<const T*,stdext::checked_array_iterator<T *>>(_InIt,_InIt,_OutIt)"
          with
          [
              _OutIt=stdext::checked_array_iterator<fmt::v9::detail::bigint::bigit *>,
              T=fmt::v9::detail::bigint::bigit,
              _InIt=const fmt::v9::detail::bigint::bigit *
          ]
  	C:\Program Files\Microsoft Visual Studio\2022\Community\VC\Tools\MSVC\14.39.33519\include\xutility(4589,5):
  	выполняется компиляция ссылки на экземпляр шаблон функции "void std::_Seek_wrapped<_OutIt,unsigned int*>(_Iter &,_UIter &&)"
          with
          [
              _OutIt=stdext::checked_array_iterator<fmt::v9::detail::bigint::bigit *>,
              _Iter=stdext::checked_array_iterator<fmt::v9::detail::bigint::bigit *>,
              _UIter=fmt::v9::detail::bigint::bigit *
          ]
  
C:\loran-project\KeyEngine\external\spdlog\include\spdlog\fmt\bundled\format.h(493,3): warning C4996: 'stdext::checked_array_iterator<T *>::checked_array_iterator': warning STL4043: stdext::checked_array_iterator, stdext::unchecked_array_iterator, and related factory functions are non-Standard extensions and will be removed in the future. std::span (since C++20) and gsl::span can be used instead. You can define _SILENCE_STDEXT_ARR_ITERS_DEPRECATION_WARNING or _SILENCE_ALL_MS_EXT_DEPRECATION_WARNINGS to suppress this warning.
C:\loran-project\KeyEngine\external\spdlog\include\spdlog\fmt\bundled\format.h(493,3): warning C4996:         with
C:\loran-project\KeyEngine\external\spdlog\include\spdlog\fmt\bundled\format.h(493,3): warning C4996:         [
C:\loran-project\KeyEngine\external\spdlog\include\spdlog\fmt\bundled\format.h(493,3): warning C4996:             T=char
C:\loran-project\KeyEngine\external\spdlog\include\spdlog\fmt\bundled\format.h(493,3): warning C4996:         ]
  (компиляция исходного файла "../../KeyEngineCore/src/KeyEngineCore/Rendering/OpenGL/VertexBuffer/VertexBuffer.cpp")
  C:\loran-project\KeyEngine\external\spdlog\include\spdlog\fmt\bundled\format.h(493,3):
  контекст создания экземпляра шаблона (сначала самый старый)
  	C:\loran-project\KeyEngine\external\spdlog\include\spdlog\common.h(347,34):
  	выполняется компиляция ссылки на экземпляр класс шаблон функции "fmt::v9::basic_memory_buffer<char,250,std::allocator<char>>"
  	C:\loran-project\KeyEngine\external\spdlog\include\spdlog\fmt\bundled\format.h(912,18):
  	во время компиляции функции-члена класс шаблон "void fmt::v9::basic_memory_buffer<char,250,std::allocator<char>>::grow(size_t)"
  	C:\loran-project\KeyEngine\external\spdlog\include\spdlog\fmt\bundled\format.h(926,35):
  	выполняется компиляция ссылки на экземпляр шаблон функции "stdext::checked_array_iterator<T *> fmt::v9::detail::make_checked<T>(T *,size_t)"
          with
          [
              T=char
          ]
  
C:\Program Files\Microsoft Visual Studio\2022\Community\VC\Tools\MSVC\14.39.33519\include\xutility(1151,31): warning C4996: 'stdext::checked_array_iterator<T *>': warning STL4043: stdext::checked_array_iterator, stdext::unchecked_array_iterator, and related factory functions are non-Standard extensions and will be removed in the future. std::span (since C++20) and gsl::span can be used instead. You can define _SILENCE_STDEXT_ARR_ITERS_DEPRECATION_WARNING or _SILENCE_ALL_MS_EXT_DEPRECATION_WARNINGS to suppress this warning.
C:\Program Files\Microsoft Visual Studio\2022\Community\VC\Tools\MSVC\14.39.33519\include\xutility(1151,31): warning C4996:         with
C:\Program Files\Microsoft Visual Studio\2022\Community\VC\Tools\MSVC\14.39.33519\include\xutility(1151,31): warning C4996:         [
C:\Program Files\Microsoft Visual Studio\2022\Community\VC\Tools\MSVC\14.39.33519\include\xutility(1151,31): warning C4996:             T=char
C:\Program Files\Microsoft Visual Studio\2022\Community\VC\Tools\MSVC\14.39.33519\include\xutility(1151,31): warning C4996:         ]
  (компиляция исходного файла "../../KeyEngineCore/src/KeyEngineCore/Rendering/OpenGL/VertexBuffer/VertexBuffer.cpp")
  C:\Program Files\Microsoft Visual Studio\2022\Community\VC\Tools\MSVC\14.39.33519\include\iterator(1470,35):
   см. объявление "stdext::checked_array_iterator"
  C:\Program Files\Microsoft Visual Studio\2022\Community\VC\Tools\MSVC\14.39.33519\include\xutility(1151,31):
  контекст создания экземпляра шаблона (сначала самый старый)
  	C:\loran-project\KeyEngine\external\spdlog\include\spdlog\fmt\bundled\format.h(925,8):
  	выполняется компиляция ссылки на экземпляр шаблон функции "_NoThrowFwdIt std::uninitialized_copy<T*,stdext::checked_array_iterator<T *>>(const _InIt,const _InIt,_NoThrowFwdIt)"
          with
          [
              _NoThrowFwdIt=stdext::checked_array_iterator<char *>,
              T=char,
              _InIt=char *
          ]
  	C:\Program Files\Microsoft Visual Studio\2022\Community\VC\Tools\MSVC\14.39.33519\include\xmemory(1923,25):
  	выполняется компиляция ссылки на экземпляр шаблон функции "decltype(auto) std::_Get_unwrapped_n<_NoThrowFwdIt&,__int64>(_Iter,const _Diff)"
          with
          [
              _NoThrowFwdIt=stdext::checked_array_iterator<char *>,
              _Iter=stdext::checked_array_iterator<char *> &,
              _Diff=__int64
          ]
  	C:\Program Files\Microsoft Visual Studio\2022\Community\VC\Tools\MSVC\14.39.33519\include\xutility(1254,26):
  	выполняется компиляция ссылки на шаблон переменной "const bool _Unwrappable_for_offset_v<stdext::checked_array_iterator<char *> &>"
  	C:\Program Files\Microsoft Visual Studio\2022\Community\VC\Tools\MSVC\14.39.33519\include\xutility(1248,5):
  	выполняется компиляция ссылки на шаблон переменной "const bool _Unwrappable_v<stdext::checked_array_iterator<char *> &,void>"
  	C:\Program Files\Microsoft Visual Studio\2022\Community\VC\Tools\MSVC\14.39.33519\include\xutility(1175,5):
  	выполняется компиляция ссылки на шаблон переменной "const bool _Allow_inheriting_unwrap_v<stdext::checked_array_iterator<char *>,void>"
  
C:\Program Files\Microsoft Visual Studio\2022\Community\VC\Tools\MSVC\14.39.33519\include\xutility(1151,22): warning C4996: 'stdext::checked_array_iterator<T *>::_Prevent_inheriting_unwrap': warning STL4043: stdext::checked_array_iterator, stdext::unchecked_array_iterator, and related factory functions are non-Standard extensions and will be removed in the future. std::span (since C++20) and gsl::span can be used instead. You can define _SILENCE_STDEXT_ARR_ITERS_DEPRECATION_WARNING or _SILENCE_ALL_MS_EXT_DEPRECATION_WARNINGS to suppress this warning.
C:\Program Files\Microsoft Visual Studio\2022\Community\VC\Tools\MSVC\14.39.33519\include\xutility(1151,22): warning C4996:         with
C:\Program Files\Microsoft Visual Studio\2022\Community\VC\Tools\MSVC\14.39.33519\include\xutility(1151,22): warning C4996:         [
C:\Program Files\Microsoft Visual Studio\2022\Community\VC\Tools\MSVC\14.39.33519\include\xutility(1151,22): warning C4996:             T=char
C:\Program Files\Microsoft Visual Studio\2022\Community\VC\Tools\MSVC\14.39.33519\include\xutility(1151,22): warning C4996:         ]
  (компиляция исходного файла "../../KeyEngineCore/src/KeyEngineCore/Rendering/OpenGL/VertexBuffer/VertexBuffer.cpp")
  
C:\Program Files\Microsoft Visual Studio\2022\Community\VC\Tools\MSVC\14.39.33519\include\__msvc_iter_core.hpp(494,40): warning C4996: 'stdext::checked_array_iterator<T *>': warning STL4043: stdext::checked_array_iterator, stdext::unchecked_array_iterator, and related factory functions are non-Standard extensions and will be removed in the future. std::span (since C++20) and gsl::span can be used instead. You can define _SILENCE_STDEXT_ARR_ITERS_DEPRECATION_WARNING or _SILENCE_ALL_MS_EXT_DEPRECATION_WARNINGS to suppress this warning.
C:\Program Files\Microsoft Visual Studio\2022\Community\VC\Tools\MSVC\14.39.33519\include\__msvc_iter_core.hpp(494,40): warning C4996:         with
C:\Program Files\Microsoft Visual Studio\2022\Community\VC\Tools\MSVC\14.39.33519\include\__msvc_iter_core.hpp(494,40): warning C4996:         [
C:\Program Files\Microsoft Visual Studio\2022\Community\VC\Tools\MSVC\14.39.33519\include\__msvc_iter_core.hpp(494,40): warning C4996:             T=char
C:\Program Files\Microsoft Visual Studio\2022\Community\VC\Tools\MSVC\14.39.33519\include\__msvc_iter_core.hpp(494,40): warning C4996:         ]
  (компиляция исходного файла "../../KeyEngineCore/src/KeyEngineCore/Rendering/OpenGL/VertexBuffer/VertexBuffer.cpp")
  C:\Program Files\Microsoft Visual Studio\2022\Community\VC\Tools\MSVC\14.39.33519\include\iterator(1470,35):
   см. объявление "stdext::checked_array_iterator"
  C:\Program Files\Microsoft Visual Studio\2022\Community\VC\Tools\MSVC\14.39.33519\include\__msvc_iter_core.hpp(494,40):
  контекст создания экземпляра шаблона (сначала самый старый)
  	C:\Program Files\Microsoft Visual Studio\2022\Community\VC\Tools\MSVC\14.39.33519\include\xutility(1243,93):
  	выполняется компиляция ссылки на экземпляр псевдоним шаблон функции "std::_Iter_diff_t<_Iter>"
          with
          [
              _Iter=stdext::checked_array_iterator<char *>
          ]
  	C:\Program Files\Microsoft Visual Studio\2022\Community\VC\Tools\MSVC\14.39.33519\include\xutility(1066,55):
  	выполняется компиляция ссылки на экземпляр класс шаблон функции "std::iterator_traits<_Iter>"
          with
          [
              _Iter=stdext::checked_array_iterator<char *>
          ]
  	C:\Program Files\Microsoft Visual Studio\2022\Community\VC\Tools\MSVC\14.39.33519\include\__msvc_iter_core.hpp(514,26):
  	выполняется компиляция ссылки на экземпляр класс шаблон функции "std::_Iterator_traits_base<_Iter,void>"
          with
          [
              _Iter=stdext::checked_array_iterator<char *>
          ]
  
C:\Program Files\Microsoft Visual Studio\2022\Community\VC\Tools\MSVC\14.39.33519\include\__msvc_iter_core.hpp(494,31): warning C4996: 'stdext::checked_array_iterator<T *>::iterator_category': warning STL4043: stdext::checked_array_iterator, stdext::unchecked_array_iterator, and related factory functions are non-Standard extensions and will be removed in the future. std::span (since C++20) and gsl::span can be used instead. You can define _SILENCE_STDEXT_ARR_ITERS_DEPRECATION_WARNING or _SILENCE_ALL_MS_EXT_DEPRECATION_WARNINGS to suppress this warning.
C:\Program Files\Microsoft Visual Studio\2022\Community\VC\Tools\MSVC\14.39.33519\include\__msvc_iter_core.hpp(494,31): warning C4996:         with
C:\Program Files\Microsoft Visual Studio\2022\Community\VC\Tools\MSVC\14.39.33519\include\__msvc_iter_core.hpp(494,31): warning C4996:         [
C:\Program Files\Microsoft Visual Studio\2022\Community\VC\Tools\MSVC\14.39.33519\include\__msvc_iter_core.hpp(494,31): warning C4996:             T=char
C:\Program Files\Microsoft Visual Studio\2022\Community\VC\Tools\MSVC\14.39.33519\include\__msvc_iter_core.hpp(494,31): warning C4996:         ]
  (компиляция исходного файла "../../KeyEngineCore/src/KeyEngineCore/Rendering/OpenGL/VertexBuffer/VertexBuffer.cpp")
  
C:\Program Files\Microsoft Visual Studio\2022\Community\VC\Tools\MSVC\14.39.33519\include\__msvc_iter_core.hpp(495,40): warning C4996: 'stdext::checked_array_iterator<T *>': warning STL4043: stdext::checked_array_iterator, stdext::unchecked_array_iterator, and related factory functions are non-Standard extensions and will be removed in the future. std::span (since C++20) and gsl::span can be used instead. You can define _SILENCE_STDEXT_ARR_ITERS_DEPRECATION_WARNING or _SILENCE_ALL_MS_EXT_DEPRECATION_WARNINGS to suppress this warning.
C:\Program Files\Microsoft Visual Studio\2022\Community\VC\Tools\MSVC\14.39.33519\include\__msvc_iter_core.hpp(495,40): warning C4996:         with
C:\Program Files\Microsoft Visual Studio\2022\Community\VC\Tools\MSVC\14.39.33519\include\__msvc_iter_core.hpp(495,40): warning C4996:         [
C:\Program Files\Microsoft Visual Studio\2022\Community\VC\Tools\MSVC\14.39.33519\include\__msvc_iter_core.hpp(495,40): warning C4996:             T=char
C:\Program Files\Microsoft Visual Studio\2022\Community\VC\Tools\MSVC\14.39.33519\include\__msvc_iter_core.hpp(495,40): warning C4996:         ]
  (компиляция исходного файла "../../KeyEngineCore/src/KeyEngineCore/Rendering/OpenGL/VertexBuffer/VertexBuffer.cpp")
  C:\Program Files\Microsoft Visual Studio\2022\Community\VC\Tools\MSVC\14.39.33519\include\iterator(1470,35):
   см. объявление "stdext::checked_array_iterator"
  
C:\Program Files\Microsoft Visual Studio\2022\Community\VC\Tools\MSVC\14.39.33519\include\__msvc_iter_core.hpp(495,31): warning C4996: 'stdext::checked_array_iterator<T *>::value_type': warning STL4043: stdext::checked_array_iterator, stdext::unchecked_array_iterator, and related factory functions are non-Standard extensions and will be removed in the future. std::span (since C++20) and gsl::span can be used instead. You can define _SILENCE_STDEXT_ARR_ITERS_DEPRECATION_WARNING or _SILENCE_ALL_MS_EXT_DEPRECATION_WARNINGS to suppress this warning.
C:\Program Files\Microsoft Visual Studio\2022\Community\VC\Tools\MSVC\14.39.33519\include\__msvc_iter_core.hpp(495,31): warning C4996:         with
C:\Program Files\Microsoft Visual Studio\2022\Community\VC\Tools\MSVC\14.39.33519\include\__msvc_iter_core.hpp(495,31): warning C4996:         [
C:\Program Files\Microsoft Visual Studio\2022\Community\VC\Tools\MSVC\14.39.33519\include\__msvc_iter_core.hpp(495,31): warning C4996:             T=char
C:\Program Files\Microsoft Visual Studio\2022\Community\VC\Tools\MSVC\14.39.33519\include\__msvc_iter_core.hpp(495,31): warning C4996:         ]
  (компиляция исходного файла "../../KeyEngineCore/src/KeyEngineCore/Rendering/OpenGL/VertexBuffer/VertexBuffer.cpp")
  
C:\Program Files\Microsoft Visual Studio\2022\Community\VC\Tools\MSVC\14.39.33519\include\__msvc_iter_core.hpp(496,40): warning C4996: 'stdext::checked_array_iterator<T *>': warning STL4043: stdext::checked_array_iterator, stdext::unchecked_array_iterator, and related factory functions are non-Standard extensions and will be removed in the future. std::span (since C++20) and gsl::span can be used instead. You can define _SILENCE_STDEXT_ARR_ITERS_DEPRECATION_WARNING or _SILENCE_ALL_MS_EXT_DEPRECATION_WARNINGS to suppress this warning.
C:\Program Files\Microsoft Visual Studio\2022\Community\VC\Tools\MSVC\14.39.33519\include\__msvc_iter_core.hpp(496,40): warning C4996:         with
C:\Program Files\Microsoft Visual Studio\2022\Community\VC\Tools\MSVC\14.39.33519\include\__msvc_iter_core.hpp(496,40): warning C4996:         [
C:\Program Files\Microsoft Visual Studio\2022\Community\VC\Tools\MSVC\14.39.33519\include\__msvc_iter_core.hpp(496,40): warning C4996:             T=char
C:\Program Files\Microsoft Visual Studio\2022\Community\VC\Tools\MSVC\14.39.33519\include\__msvc_iter_core.hpp(496,40): warning C4996:         ]
  (компиляция исходного файла "../../KeyEngineCore/src/KeyEngineCore/Rendering/OpenGL/VertexBuffer/VertexBuffer.cpp")
  C:\Program Files\Microsoft Visual Studio\2022\Community\VC\Tools\MSVC\14.39.33519\include\iterator(1470,35):
   см. объявление "stdext::checked_array_iterator"
  
C:\Program Files\Microsoft Visual Studio\2022\Community\VC\Tools\MSVC\14.39.33519\include\__msvc_iter_core.hpp(496,31): warning C4996: 'stdext::checked_array_iterator<T *>::difference_type': warning STL4043: stdext::checked_array_iterator, stdext::unchecked_array_iterator, and related factory functions are non-Standard extensions and will be removed in the future. std::span (since C++20) and gsl::span can be used instead. You can define _SILENCE_STDEXT_ARR_ITERS_DEPRECATION_WARNING or _SILENCE_ALL_MS_EXT_DEPRECATION_WARNINGS to suppress this warning.
C:\Program Files\Microsoft Visual Studio\2022\Community\VC\Tools\MSVC\14.39.33519\include\__msvc_iter_core.hpp(496,31): warning C4996:         with
C:\Program Files\Microsoft Visual Studio\2022\Community\VC\Tools\MSVC\14.39.33519\include\__msvc_iter_core.hpp(496,31): warning C4996:         [
C:\Program Files\Microsoft Visual Studio\2022\Community\VC\Tools\MSVC\14.39.33519\include\__msvc_iter_core.hpp(496,31): warning C4996:             T=char
C:\Program Files\Microsoft Visual Studio\2022\Community\VC\Tools\MSVC\14.39.33519\include\__msvc_iter_core.hpp(496,31): warning C4996:         ]
  (компиляция исходного файла "../../KeyEngineCore/src/KeyEngineCore/Rendering/OpenGL/VertexBuffer/VertexBuffer.cpp")
  
C:\Program Files\Microsoft Visual Studio\2022\Community\VC\Tools\MSVC\14.39.33519\include\__msvc_iter_core.hpp(497,40): warning C4996: 'stdext::checked_array_iterator<T *>': warning STL4043: stdext::checked_array_iterator, stdext::unchecked_array_iterator, and related factory functions are non-Standard extensions and will be removed in the future. std::span (since C++20) and gsl::span can be used instead. You can define _SILENCE_STDEXT_ARR_ITERS_DEPRECATION_WARNING or _SILENCE_ALL_MS_EXT_DEPRECATION_WARNINGS to suppress this warning.
C:\Program Files\Microsoft Visual Studio\2022\Community\VC\Tools\MSVC\14.39.33519\include\__msvc_iter_core.hpp(497,40): warning C4996:         with
C:\Program Files\Microsoft Visual Studio\2022\Community\VC\Tools\MSVC\14.39.33519\include\__msvc_iter_core.hpp(497,40): warning C4996:         [
C:\Program Files\Microsoft Visual Studio\2022\Community\VC\Tools\MSVC\14.39.33519\include\__msvc_iter_core.hpp(497,40): warning C4996:             T=char
C:\Program Files\Microsoft Visual Studio\2022\Community\VC\Tools\MSVC\14.39.33519\include\__msvc_iter_core.hpp(497,40): warning C4996:         ]
  (компиляция исходного файла "../../KeyEngineCore/src/KeyEngineCore/Rendering/OpenGL/VertexBuffer/VertexBuffer.cpp")
  C:\Program Files\Microsoft Visual Studio\2022\Community\VC\Tools\MSVC\14.39.33519\include\iterator(1470,35):
   см. объявление "stdext::checked_array_iterator"
  
C:\Program Files\Microsoft Visual Studio\2022\Community\VC\Tools\MSVC\14.39.33519\include\__msvc_iter_core.hpp(497,31): warning C4996: 'stdext::checked_array_iterator<T *>::pointer': warning STL4043: stdext::checked_array_iterator, stdext::unchecked_array_iterator, and related factory functions are non-Standard extensions and will be removed in the future. std::span (since C++20) and gsl::span can be used instead. You can define _SILENCE_STDEXT_ARR_ITERS_DEPRECATION_WARNING or _SILENCE_ALL_MS_EXT_DEPRECATION_WARNINGS to suppress this warning.
C:\Program Files\Microsoft Visual Studio\2022\Community\VC\Tools\MSVC\14.39.33519\include\__msvc_iter_core.hpp(497,31): warning C4996:         with
C:\Program Files\Microsoft Visual Studio\2022\Community\VC\Tools\MSVC\14.39.33519\include\__msvc_iter_core.hpp(497,31): warning C4996:         [
C:\Program Files\Microsoft Visual Studio\2022\Community\VC\Tools\MSVC\14.39.33519\include\__msvc_iter_core.hpp(497,31): warning C4996:             T=char
C:\Program Files\Microsoft Visual Studio\2022\Community\VC\Tools\MSVC\14.39.33519\include\__msvc_iter_core.hpp(497,31): warning C4996:         ]
  (компиляция исходного файла "../../KeyEngineCore/src/KeyEngineCore/Rendering/OpenGL/VertexBuffer/VertexBuffer.cpp")
  
C:\Program Files\Microsoft Visual Studio\2022\Community\VC\Tools\MSVC\14.39.33519\include\__msvc_iter_core.hpp(498,40): warning C4996: 'stdext::checked_array_iterator<T *>': warning STL4043: stdext::checked_array_iterator, stdext::unchecked_array_iterator, and related factory functions are non-Standard extensions and will be removed in the future. std::span (since C++20) and gsl::span can be used instead. You can define _SILENCE_STDEXT_ARR_ITERS_DEPRECATION_WARNING or _SILENCE_ALL_MS_EXT_DEPRECATION_WARNINGS to suppress this warning.
C:\Program Files\Microsoft Visual Studio\2022\Community\VC\Tools\MSVC\14.39.33519\include\__msvc_iter_core.hpp(498,40): warning C4996:         with
C:\Program Files\Microsoft Visual Studio\2022\Community\VC\Tools\MSVC\14.39.33519\include\__msvc_iter_core.hpp(498,40): warning C4996:         [
C:\Program Files\Microsoft Visual Studio\2022\Community\VC\Tools\MSVC\14.39.33519\include\__msvc_iter_core.hpp(498,40): warning C4996:             T=char
C:\Program Files\Microsoft Visual Studio\2022\Community\VC\Tools\MSVC\14.39.33519\include\__msvc_iter_core.hpp(498,40): warning C4996:         ]
  (компиляция исходного файла "../../KeyEngineCore/src/KeyEngineCore/Rendering/OpenGL/VertexBuffer/VertexBuffer.cpp")
  C:\Program Files\Microsoft Visual Studio\2022\Community\VC\Tools\MSVC\14.39.33519\include\iterator(1470,35):
   см. объявление "stdext::checked_array_iterator"
  
C:\Program Files\Microsoft Visual Studio\2022\Community\VC\Tools\MSVC\14.39.33519\include\__msvc_iter_core.hpp(498,31): warning C4996: 'stdext::checked_array_iterator<T *>::reference': warning STL4043: stdext::checked_array_iterator, stdext::unchecked_array_iterator, and related factory functions are non-Standard extensions and will be removed in the future. std::span (since C++20) and gsl::span can be used instead. You can define _SILENCE_STDEXT_ARR_ITERS_DEPRECATION_WARNING or _SILENCE_ALL_MS_EXT_DEPRECATION_WARNINGS to suppress this warning.
C:\Program Files\Microsoft Visual Studio\2022\Community\VC\Tools\MSVC\14.39.33519\include\__msvc_iter_core.hpp(498,31): warning C4996:         with
C:\Program Files\Microsoft Visual Studio\2022\Community\VC\Tools\MSVC\14.39.33519\include\__msvc_iter_core.hpp(498,31): warning C4996:         [
C:\Program Files\Microsoft Visual Studio\2022\Community\VC\Tools\MSVC\14.39.33519\include\__msvc_iter_core.hpp(498,31): warning C4996:             T=char
C:\Program Files\Microsoft Visual Studio\2022\Community\VC\Tools\MSVC\14.39.33519\include\__msvc_iter_core.hpp(498,31): warning C4996:         ]
  (компиляция исходного файла "../../KeyEngineCore/src/KeyEngineCore/Rendering/OpenGL/VertexBuffer/VertexBuffer.cpp")
  
C:\Program Files\Microsoft Visual Studio\2022\Community\VC\Tools\MSVC\14.39.33519\include\xutility(1265,12): warning C4996: 'stdext::checked_array_iterator<T *>::_Verify_offset': warning STL4043: stdext::checked_array_iterator, stdext::unchecked_array_iterator, and related factory functions are non-Standard extensions and will be removed in the future. std::span (since C++20) and gsl::span can be used instead. You can define _SILENCE_STDEXT_ARR_ITERS_DEPRECATION_WARNING or _SILENCE_ALL_MS_EXT_DEPRECATION_WARNINGS to suppress this warning.
C:\Program Files\Microsoft Visual Studio\2022\Community\VC\Tools\MSVC\14.39.33519\include\xutility(1265,12): warning C4996:         with
C:\Program Files\Microsoft Visual Studio\2022\Community\VC\Tools\MSVC\14.39.33519\include\xutility(1265,12): warning C4996:         [
C:\Program Files\Microsoft Visual Studio\2022\Community\VC\Tools\MSVC\14.39.33519\include\xutility(1265,12): warning C4996:             T=char
C:\Program Files\Microsoft Visual Studio\2022\Community\VC\Tools\MSVC\14.39.33519\include\xutility(1265,12): warning C4996:         ]
  (компиляция исходного файла "../../KeyEngineCore/src/KeyEngineCore/Rendering/OpenGL/VertexBuffer/VertexBuffer.cpp")
  
C:\Program Files\Microsoft Visual Studio\2022\Community\VC\Tools\MSVC\14.39.33519\include\xutility(1266,41): warning C4996: 'stdext::checked_array_iterator<T *>::_Unwrapped': warning STL4043: stdext::checked_array_iterator, stdext::unchecked_array_iterator, and related factory functions are non-Standard extensions and will be removed in the future. std::span (since C++20) and gsl::span can be used instead. You can define _SILENCE_STDEXT_ARR_ITERS_DEPRECATION_WARNING or _SILENCE_ALL_MS_EXT_DEPRECATION_WARNINGS to suppress this warning.
C:\Program Files\Microsoft Visual Studio\2022\Community\VC\Tools\MSVC\14.39.33519\include\xutility(1266,41): warning C4996:         with
C:\Program Files\Microsoft Visual Studio\2022\Community\VC\Tools\MSVC\14.39.33519\include\xutility(1266,41): warning C4996:         [
C:\Program Files\Microsoft Visual Studio\2022\Community\VC\Tools\MSVC\14.39.33519\include\xutility(1266,41): warning C4996:             T=char
C:\Program Files\Microsoft Visual Studio\2022\Community\VC\Tools\MSVC\14.39.33519\include\xutility(1266,41): warning C4996:         ]
  (компиляция исходного файла "../../KeyEngineCore/src/KeyEngineCore/Rendering/OpenGL/VertexBuffer/VertexBuffer.cpp")
  
C:\Program Files\Microsoft Visual Studio\2022\Community\VC\Tools\MSVC\14.39.33519\include\xutility(1287,12): warning C4996: 'stdext::checked_array_iterator<T *>::_Seek_to': warning STL4043: stdext::checked_array_iterator, stdext::unchecked_array_iterator, and related factory functions are non-Standard extensions and will be removed in the future. std::span (since C++20) and gsl::span can be used instead. You can define _SILENCE_STDEXT_ARR_ITERS_DEPRECATION_WARNING or _SILENCE_ALL_MS_EXT_DEPRECATION_WARNINGS to suppress this warning.
C:\Program Files\Microsoft Visual Studio\2022\Community\VC\Tools\MSVC\14.39.33519\include\xutility(1287,12): warning C4996:         with
C:\Program Files\Microsoft Visual Studio\2022\Community\VC\Tools\MSVC\14.39.33519\include\xutility(1287,12): warning C4996:         [
C:\Program Files\Microsoft Visual Studio\2022\Community\VC\Tools\MSVC\14.39.33519\include\xutility(1287,12): warning C4996:             T=wchar_t
C:\Program Files\Microsoft Visual Studio\2022\Community\VC\Tools\MSVC\14.39.33519\include\xutility(1287,12): warning C4996:         ]
  (компиляция исходного файла "../../KeyEngineCore/src/KeyEngineCore/Rendering/OpenGL/VertexBuffer/VertexBuffer.cpp")
  C:\Program Files\Microsoft Visual Studio\2022\Community\VC\Tools\MSVC\14.39.33519\include\xutility(1287,12):
  контекст создания экземпляра шаблона (сначала самый старый)
  	C:\loran-project\KeyEngine\external\spdlog\include\spdlog\fmt\bundled\format.h(925,8):
  	выполняется компиляция ссылки на экземпляр шаблон функции "_NoThrowFwdIt std::uninitialized_copy<T*,stdext::checked_array_iterator<T *>>(const _InIt,const _InIt,_NoThrowFwdIt)"
          with
          [
              _NoThrowFwdIt=stdext::checked_array_iterator<wchar_t *>,
              T=wchar_t,
              _InIt=wchar_t *
          ]
  	C:\Program Files\Microsoft Visual Studio\2022\Community\VC\Tools\MSVC\14.39.33519\include\xmemory(1924,5):
  	выполняется компиляция ссылки на экземпляр шаблон функции "void std::_Seek_wrapped<_NoThrowFwdIt,wchar_t*>(_Iter &,_UIter &&)"
          with
          [
              _NoThrowFwdIt=stdext::checked_array_iterator<wchar_t *>,
              _Iter=stdext::checked_array_iterator<wchar_t *>,
              _UIter=wchar_t *
          ]
  
  KeyEngineCore.vcxproj -> C:\loran-project\KeyEngine\build\KeyEngineCore\Debug\KeyEngineCore.lib
